[0.515s] Invoking command in '/home/abhinandan/ROS2/aruco_distance/src/aruco_distance': PYTHONPATH=/home/abhinandan/ROS2/aruco_distance/src/aruco_distance/build/aruco_distance/prefix_override:/usr/lib/python3/dist-packages/colcon_core/task/python/colcon_distutils_commands:/home/abhinandan/ROS2/aruco_distance/src/aruco_distance/install/aruco_distance/lib/python3.10/site-packages:${PYTHONPATH} /usr/bin/python3 -W ignore:setup.py install is deprecated -W ignore:easy_install command is deprecated setup.py egg_info --egg-base build/aruco_distance build --build-base /home/abhinandan/ROS2/aruco_distance/src/aruco_distance/build/aruco_distance/build install --record /home/abhinandan/ROS2/aruco_distance/src/aruco_distance/build/aruco_distance/install.log --single-version-externally-managed install_data
[0.704s] running egg_info
[0.704s] creating build/aruco_distance/aruco_distance.egg-info
[0.704s] writing build/aruco_distance/aruco_distance.egg-info/PKG-INFO
[0.704s] writing dependency_links to build/aruco_distance/aruco_distance.egg-info/dependency_links.txt
[0.704s] writing entry points to build/aruco_distance/aruco_distance.egg-info/entry_points.txt
[0.704s] writing requirements to build/aruco_distance/aruco_distance.egg-info/requires.txt
[0.704s] writing top-level names to build/aruco_distance/aruco_distance.egg-info/top_level.txt
[0.705s] writing manifest file 'build/aruco_distance/aruco_distance.egg-info/SOURCES.txt'
[0.706s] reading manifest file 'build/aruco_distance/aruco_distance.egg-info/SOURCES.txt'
[0.706s] writing manifest file 'build/aruco_distance/aruco_distance.egg-info/SOURCES.txt'
[0.707s] running build
[0.707s] running build_py
[0.707s] creating /home/abhinandan/ROS2/aruco_distance/src/aruco_distance/build/aruco_distance/build
[0.707s] creating /home/abhinandan/ROS2/aruco_distance/src/aruco_distance/build/aruco_distance/build/lib
[0.707s] creating /home/abhinandan/ROS2/aruco_distance/src/aruco_distance/build/aruco_distance/build/lib/aruco_distance
[0.707s] copying aruco_distance/__init__.py -> /home/abhinandan/ROS2/aruco_distance/src/aruco_distance/build/aruco_distance/build/lib/aruco_distance
[0.707s] copying aruco_distance/aruco_distance_node.py -> /home/abhinandan/ROS2/aruco_distance/src/aruco_distance/build/aruco_distance/build/lib/aruco_distance
[0.707s] running install
[0.707s] running install_lib
[0.708s] creating /home/abhinandan/ROS2/aruco_distance/src/aruco_distance/install/aruco_distance/lib/python3.10/site-packages/aruco_distance
[0.708s] copying /home/abhinandan/ROS2/aruco_distance/src/aruco_distance/build/aruco_distance/build/lib/aruco_distance/__init__.py -> /home/abhinandan/ROS2/aruco_distance/src/aruco_distance/install/aruco_distance/lib/python3.10/site-packages/aruco_distance
[0.708s] copying /home/abhinandan/ROS2/aruco_distance/src/aruco_distance/build/aruco_distance/build/lib/aruco_distance/aruco_distance_node.py -> /home/abhinandan/ROS2/aruco_distance/src/aruco_distance/install/aruco_distance/lib/python3.10/site-packages/aruco_distance
[0.708s] byte-compiling /home/abhinandan/ROS2/aruco_distance/src/aruco_distance/install/aruco_distance/lib/python3.10/site-packages/aruco_distance/__init__.py to __init__.cpython-310.pyc
[0.709s] byte-compiling /home/abhinandan/ROS2/aruco_distance/src/aruco_distance/install/aruco_distance/lib/python3.10/site-packages/aruco_distance/aruco_distance_node.py to aruco_distance_node.cpython-310.pyc
[0.709s] running install_data
[0.709s] creating /home/abhinandan/ROS2/aruco_distance/src/aruco_distance/install/aruco_distance/share/ament_index
[0.709s] creating /home/abhinandan/ROS2/aruco_distance/src/aruco_distance/install/aruco_distance/share/ament_index/resource_index
[0.709s] creating /home/abhinandan/ROS2/aruco_distance/src/aruco_distance/install/aruco_distance/share/ament_index/resource_index/packages
[0.710s] copying resource/aruco_distance -> /home/abhinandan/ROS2/aruco_distance/src/aruco_distance/install/aruco_distance/share/ament_index/resource_index/packages
[0.710s] copying package.xml -> /home/abhinandan/ROS2/aruco_distance/src/aruco_distance/install/aruco_distance/share/aruco_distance
[0.710s] running install_egg_info
[0.711s] Copying build/aruco_distance/aruco_distance.egg-info to /home/abhinandan/ROS2/aruco_distance/src/aruco_distance/install/aruco_distance/lib/python3.10/site-packages/aruco_distance-0.0.0-py3.10.egg-info
[0.711s] running install_scripts
[0.728s] Installing aruco_distance_node script to /home/abhinandan/ROS2/aruco_distance/src/aruco_distance/install/aruco_distance/lib/aruco_distance
[0.728s] writing list of installed files to '/home/abhinandan/ROS2/aruco_distance/src/aruco_distance/build/aruco_distance/install.log'
[0.748s] Invoked command in '/home/abhinandan/ROS2/aruco_distance/src/aruco_distance' returned '0': PYTHONPATH=/home/abhinandan/ROS2/aruco_distance/src/aruco_distance/build/aruco_distance/prefix_override:/usr/lib/python3/dist-packages/colcon_core/task/python/colcon_distutils_commands:/home/abhinandan/ROS2/aruco_distance/src/aruco_distance/install/aruco_distance/lib/python3.10/site-packages:${PYTHONPATH} /usr/bin/python3 -W ignore:setup.py install is deprecated -W ignore:easy_install command is deprecated setup.py egg_info --egg-base build/aruco_distance build --build-base /home/abhinandan/ROS2/aruco_distance/src/aruco_distance/build/aruco_distance/build install --record /home/abhinandan/ROS2/aruco_distance/src/aruco_distance/build/aruco_distance/install.log --single-version-externally-managed install_data
