[0.087s] DEBUG:colcon:Command line arguments: ['/usr/bin/colcon', 'build']
[0.087s] DEBUG:colcon:Parsed command line arguments: Namespace(log_base=None, log_level=None, verb_name='build', build_base='build', install_base='install', merge_install=False, symlink_install=False, test_result_base=None, continue_on_error=False, executor='parallel', parallel_workers=8, event_handlers=None, ignore_user_meta=False, metas=['./colcon.meta'], base_paths=['.'], packages_ignore=None, packages_ignore_regex=None, paths=None, packages_up_to=None, packages_up_to_regex=None, packages_above=None, packages_above_and_dependencies=None, packages_above_depth=None, packages_select_by_dep=None, packages_skip_by_dep=None, packages_skip_up_to=None, packages_select_build_failed=False, packages_skip_build_finished=False, packages_select_test_failures=False, packages_skip_test_passed=False, packages_select=None, packages_skip=None, packages_select_regex=None, packages_skip_regex=None, packages_start=None, packages_end=None, allow_overriding=[], cmake_args=None, cmake_target=None, cmake_target_skip_unavailable=False, cmake_clean_cache=False, cmake_clean_first=False, cmake_force_configure=False, ament_cmake_args=None, catkin_cmake_args=None, catkin_skip_building_tests=False, mixin_files=None, mixin=None, verb_parser=<colcon_mixin.mixin.mixin_argument.MixinArgumentDecorator object at 0x754c060f9c60>, verb_extension=<colcon_core.verb.build.BuildVerb object at 0x754c06242b60>, main=<bound method BuildVerb.main of <colcon_core.verb.build.BuildVerb object at 0x754c06242b60>>, mixin_verb=('build',))
[0.224s] Level 1:colcon.colcon_core.package_discovery:discover_packages(colcon_meta) check parameters
[0.224s] Level 1:colcon.colcon_core.package_discovery:discover_packages(recursive) check parameters
[0.224s] Level 1:colcon.colcon_core.package_discovery:discover_packages(ignore) check parameters
[0.224s] Level 1:colcon.colcon_core.package_discovery:discover_packages(path) check parameters
[0.224s] Level 1:colcon.colcon_core.package_discovery:discover_packages(colcon_meta) discover
[0.224s] Level 1:colcon.colcon_core.package_discovery:discover_packages(recursive) discover
[0.224s] INFO:colcon.colcon_core.package_discovery:Crawling recursively for packages in '/home/abhinandan/ROS2/aruco_distance/src/aruco_distance'
[0.224s] Level 1:colcon.colcon_core.package_identification:_identify(.) by extensions ['ignore', 'ignore_ament_install']
[0.224s] Level 1:colcon.colcon_core.package_identification:_identify(.) by extension 'ignore'
[0.224s] Level 1:colcon.colcon_core.package_identification:_identify(.) by extension 'ignore_ament_install'
[0.224s] Level 1:colcon.colcon_core.package_identification:_identify(.) by extensions ['colcon_pkg']
[0.224s] Level 1:colcon.colcon_core.package_identification:_identify(.) by extension 'colcon_pkg'
[0.224s] Level 1:colcon.colcon_core.package_identification:_identify(.) by extensions ['colcon_meta']
[0.224s] Level 1:colcon.colcon_core.package_identification:_identify(.) by extension 'colcon_meta'
[0.224s] Level 1:colcon.colcon_core.package_identification:_identify(.) by extensions ['ros']
[0.224s] Level 1:colcon.colcon_core.package_identification:_identify(.) by extension 'ros'
[0.235s] DEBUG:colcon.colcon_core.package_identification:Package '.' with type 'ros.ament_python' and name 'aruco_distance'
[0.235s] Level 1:colcon.colcon_core.package_discovery:discover_packages(recursive) using defaults
[0.235s] Level 1:colcon.colcon_core.package_discovery:discover_packages(ignore) discover
[0.235s] Level 1:colcon.colcon_core.package_discovery:discover_packages(ignore) using defaults
[0.235s] Level 1:colcon.colcon_core.package_discovery:discover_packages(path) discover
[0.235s] Level 1:colcon.colcon_core.package_discovery:discover_packages(path) using defaults
[0.250s] Level 1:colcon.colcon_core.package_discovery:discover_packages(prefix_path) check parameters
[0.251s] Level 1:colcon.colcon_core.package_discovery:discover_packages(prefix_path) discover
[0.259s] DEBUG:colcon.colcon_installed_package_information.package_discovery:Found 1 installed packages in /home/abhinandan/ROS2/aruco_distance/install
[0.259s] DEBUG:colcon.colcon_installed_package_information.package_discovery:Found 3 installed packages in /home/abhinandan/ROS2/tello-ros2/workspace/install
[0.260s] DEBUG:colcon.colcon_installed_package_information.package_discovery:Found 270 installed packages in /opt/ros/humble
[0.261s] Level 1:colcon.colcon_core.package_discovery:discover_packages(prefix_path) using defaults
[0.290s] Level 5:colcon.colcon_core.verb:set package 'aruco_distance' build argument 'cmake_args' from command line to 'None'
[0.290s] Level 5:colcon.colcon_core.verb:set package 'aruco_distance' build argument 'cmake_target' from command line to 'None'
[0.290s] Level 5:colcon.colcon_core.verb:set package 'aruco_distance' build argument 'cmake_target_skip_unavailable' from command line to 'False'
[0.290s] Level 5:colcon.colcon_core.verb:set package 'aruco_distance' build argument 'cmake_clean_cache' from command line to 'False'
[0.290s] Level 5:colcon.colcon_core.verb:set package 'aruco_distance' build argument 'cmake_clean_first' from command line to 'False'
[0.290s] Level 5:colcon.colcon_core.verb:set package 'aruco_distance' build argument 'cmake_force_configure' from command line to 'False'
[0.290s] Level 5:colcon.colcon_core.verb:set package 'aruco_distance' build argument 'ament_cmake_args' from command line to 'None'
[0.290s] Level 5:colcon.colcon_core.verb:set package 'aruco_distance' build argument 'catkin_cmake_args' from command line to 'None'
[0.290s] Level 5:colcon.colcon_core.verb:set package 'aruco_distance' build argument 'catkin_skip_building_tests' from command line to 'False'
[0.290s] DEBUG:colcon.colcon_core.verb:Building package 'aruco_distance' with the following arguments: {'ament_cmake_args': None, 'build_base': '/home/abhinandan/ROS2/aruco_distance/src/aruco_distance/build/aruco_distance', 'catkin_cmake_args': None, 'catkin_skip_building_tests': False, 'cmake_args': None, 'cmake_clean_cache': False, 'cmake_clean_first': False, 'cmake_force_configure': False, 'cmake_target': None, 'cmake_target_skip_unavailable': False, 'install_base': '/home/abhinandan/ROS2/aruco_distance/src/aruco_distance/install/aruco_distance', 'merge_install': False, 'path': '/home/abhinandan/ROS2/aruco_distance/src/aruco_distance', 'symlink_install': False, 'test_result_base': None}
[0.290s] INFO:colcon.colcon_core.executor:Executing jobs using 'parallel' executor
[0.291s] DEBUG:colcon.colcon_parallel_executor.executor.parallel:run_until_complete
[0.291s] INFO:colcon.colcon_ros.task.ament_python.build:Building ROS package in '/home/abhinandan/ROS2/aruco_distance/src/aruco_distance' with build type 'ament_python'
[0.291s] Level 1:colcon.colcon_core.shell:create_environment_hook('aruco_distance', 'ament_prefix_path')
[0.293s] INFO:colcon.colcon_core.plugin_system:Skipping extension 'colcon_core.shell.bat': Not used on non-Windows systems
[0.293s] INFO:colcon.colcon_core.shell:Creating environment hook '/home/abhinandan/ROS2/aruco_distance/src/aruco_distance/install/aruco_distance/share/aruco_distance/hook/ament_prefix_path.ps1'
[0.293s] INFO:colcon.colcon_core.shell:Creating environment descriptor '/home/abhinandan/ROS2/aruco_distance/src/aruco_distance/install/aruco_distance/share/aruco_distance/hook/ament_prefix_path.dsv'
[0.294s] INFO:colcon.colcon_core.shell:Creating environment hook '/home/abhinandan/ROS2/aruco_distance/src/aruco_distance/install/aruco_distance/share/aruco_distance/hook/ament_prefix_path.sh'
[0.294s] INFO:colcon.colcon_core.shell:Skip shell extension 'powershell' for command environment: Not usable outside of PowerShell
[0.294s] DEBUG:colcon.colcon_core.shell:Skip shell extension 'dsv' for command environment
[0.503s] INFO:colcon.colcon_core.task.python.build:Building Python package in '/home/abhinandan/ROS2/aruco_distance/src/aruco_distance'
[0.503s] INFO:colcon.colcon_core.shell:Skip shell extension 'powershell' for command environment: Not usable outside of PowerShell
[0.503s] DEBUG:colcon.colcon_core.shell:Skip shell extension 'dsv' for command environment
[0.806s] DEBUG:colcon.colcon_core.event_handler.log_command:Invoking command in '/home/abhinandan/ROS2/aruco_distance/src/aruco_distance': PYTHONPATH=/home/abhinandan/ROS2/aruco_distance/src/aruco_distance/build/aruco_distance/prefix_override:/usr/lib/python3/dist-packages/colcon_core/task/python/colcon_distutils_commands:/home/abhinandan/ROS2/aruco_distance/src/aruco_distance/install/aruco_distance/lib/python3.10/site-packages:${PYTHONPATH} /usr/bin/python3 -W ignore:setup.py install is deprecated -W ignore:easy_install command is deprecated setup.py egg_info --egg-base build/aruco_distance build --build-base /home/abhinandan/ROS2/aruco_distance/src/aruco_distance/build/aruco_distance/build install --record /home/abhinandan/ROS2/aruco_distance/src/aruco_distance/build/aruco_distance/install.log --single-version-externally-managed install_data
[1.040s] DEBUG:colcon.colcon_core.event_handler.log_command:Invoked command in '/home/abhinandan/ROS2/aruco_distance/src/aruco_distance' returned '0': PYTHONPATH=/home/abhinandan/ROS2/aruco_distance/src/aruco_distance/build/aruco_distance/prefix_override:/usr/lib/python3/dist-packages/colcon_core/task/python/colcon_distutils_commands:/home/abhinandan/ROS2/aruco_distance/src/aruco_distance/install/aruco_distance/lib/python3.10/site-packages:${PYTHONPATH} /usr/bin/python3 -W ignore:setup.py install is deprecated -W ignore:easy_install command is deprecated setup.py egg_info --egg-base build/aruco_distance build --build-base /home/abhinandan/ROS2/aruco_distance/src/aruco_distance/build/aruco_distance/build install --record /home/abhinandan/ROS2/aruco_distance/src/aruco_distance/build/aruco_distance/install.log --single-version-externally-managed install_data
[1.041s] Level 1:colcon.colcon_core.environment:checking '/home/abhinandan/ROS2/aruco_distance/src/aruco_distance/install/aruco_distance' for CMake module files
[1.042s] Level 1:colcon.colcon_core.environment:checking '/home/abhinandan/ROS2/aruco_distance/src/aruco_distance/install/aruco_distance' for CMake config files
[1.042s] Level 1:colcon.colcon_core.environment:checking '/home/abhinandan/ROS2/aruco_distance/src/aruco_distance/install/aruco_distance/lib'
[1.042s] Level 1:colcon.colcon_core.environment:checking '/home/abhinandan/ROS2/aruco_distance/src/aruco_distance/install/aruco_distance/bin'
[1.042s] Level 1:colcon.colcon_core.environment:checking '/home/abhinandan/ROS2/aruco_distance/src/aruco_distance/install/aruco_distance/lib/pkgconfig/aruco_distance.pc'
[1.043s] Level 1:colcon.colcon_core.environment:checking '/home/abhinandan/ROS2/aruco_distance/src/aruco_distance/install/aruco_distance/lib/python3.10/site-packages'
[1.043s] Level 1:colcon.colcon_core.shell:create_environment_hook('aruco_distance', 'pythonpath')
[1.043s] INFO:colcon.colcon_core.shell:Creating environment hook '/home/abhinandan/ROS2/aruco_distance/src/aruco_distance/install/aruco_distance/share/aruco_distance/hook/pythonpath.ps1'
[1.043s] INFO:colcon.colcon_core.shell:Creating environment descriptor '/home/abhinandan/ROS2/aruco_distance/src/aruco_distance/install/aruco_distance/share/aruco_distance/hook/pythonpath.dsv'
[1.043s] INFO:colcon.colcon_core.shell:Creating environment hook '/home/abhinandan/ROS2/aruco_distance/src/aruco_distance/install/aruco_distance/share/aruco_distance/hook/pythonpath.sh'
[1.044s] Level 1:colcon.colcon_core.environment:checking '/home/abhinandan/ROS2/aruco_distance/src/aruco_distance/install/aruco_distance/bin'
[1.044s] Level 1:colcon.colcon_core.environment:create_environment_scripts_only(aruco_distance)
[1.044s] INFO:colcon.colcon_core.shell:Creating package script '/home/abhinandan/ROS2/aruco_distance/src/aruco_distance/install/aruco_distance/share/aruco_distance/package.ps1'
[1.045s] INFO:colcon.colcon_core.shell:Creating package descriptor '/home/abhinandan/ROS2/aruco_distance/src/aruco_distance/install/aruco_distance/share/aruco_distance/package.dsv'
[1.045s] INFO:colcon.colcon_core.shell:Creating package script '/home/abhinandan/ROS2/aruco_distance/src/aruco_distance/install/aruco_distance/share/aruco_distance/package.sh'
[1.046s] INFO:colcon.colcon_core.shell:Creating package script '/home/abhinandan/ROS2/aruco_distance/src/aruco_distance/install/aruco_distance/share/aruco_distance/package.bash'
[1.046s] INFO:colcon.colcon_core.shell:Creating package script '/home/abhinandan/ROS2/aruco_distance/src/aruco_distance/install/aruco_distance/share/aruco_distance/package.zsh'
[1.047s] Level 1:colcon.colcon_core.environment:create_file_with_runtime_dependencies(/home/abhinandan/ROS2/aruco_distance/src/aruco_distance/install/aruco_distance/share/colcon-core/packages/aruco_distance)
[1.047s] DEBUG:colcon.colcon_parallel_executor.executor.parallel:closing loop
[1.047s] DEBUG:colcon.colcon_parallel_executor.executor.parallel:loop closed
[1.047s] DEBUG:colcon.colcon_parallel_executor.executor.parallel:run_until_complete finished with '0'
[1.047s] DEBUG:colcon.colcon_core.event_reactor:joining thread
[1.051s] INFO:colcon.colcon_core.plugin_system:Skipping extension 'colcon_notification.desktop_notification.terminal_notifier': Not used on non-Darwin systems
[1.052s] INFO:colcon.colcon_core.plugin_system:Skipping extension 'colcon_notification.desktop_notification.win32': Not used on non-Windows systems
[1.052s] INFO:colcon.colcon_notification.desktop_notification:Sending desktop notification using 'notify2'
[1.065s] DEBUG:colcon.colcon_core.event_reactor:joined thread
[1.065s] INFO:colcon.colcon_core.shell:Creating prefix script '/home/abhinandan/ROS2/aruco_distance/src/aruco_distance/install/local_setup.ps1'
[1.066s] INFO:colcon.colcon_core.shell:Creating prefix util module '/home/abhinandan/ROS2/aruco_distance/src/aruco_distance/install/_local_setup_util_ps1.py'
[1.068s] INFO:colcon.colcon_core.shell:Creating prefix chain script '/home/abhinandan/ROS2/aruco_distance/src/aruco_distance/install/setup.ps1'
[1.069s] INFO:colcon.colcon_core.shell:Creating prefix script '/home/abhinandan/ROS2/aruco_distance/src/aruco_distance/install/local_setup.sh'
[1.070s] INFO:colcon.colcon_core.shell:Creating prefix util module '/home/abhinandan/ROS2/aruco_distance/src/aruco_distance/install/_local_setup_util_sh.py'
[1.071s] INFO:colcon.colcon_core.shell:Creating prefix chain script '/home/abhinandan/ROS2/aruco_distance/src/aruco_distance/install/setup.sh'
[1.072s] INFO:colcon.colcon_core.shell:Creating prefix script '/home/abhinandan/ROS2/aruco_distance/src/aruco_distance/install/local_setup.bash'
[1.072s] INFO:colcon.colcon_core.shell:Creating prefix chain script '/home/abhinandan/ROS2/aruco_distance/src/aruco_distance/install/setup.bash'
[1.073s] INFO:colcon.colcon_core.shell:Creating prefix script '/home/abhinandan/ROS2/aruco_distance/src/aruco_distance/install/local_setup.zsh'
[1.074s] INFO:colcon.colcon_core.shell:Creating prefix chain script '/home/abhinandan/ROS2/aruco_distance/src/aruco_distance/install/setup.zsh'
